<?xml version="1.0" encoding="UTF-8" standalone="no"?>
<!DOCTYPE log SYSTEM "logger.dtd">
<log>
<record>
  <date>2021-04-29T21:26:39.468-0300</date>
  <logger>JOSE ARTHUR NEVES DE BRITO</logger>
  <level>FINE</level>
  <message>File 119210204-JOSE ARTHUR NEVES DE BRITO.zip was received. It was sent by JOSE ARTHUR NEVES DE BRITO from IP 192.168.1.8 at 29-04-2021 21*26*39</message>
</record>
</log>
<?xml version="1.0" encoding="UTF-8" standalone="no"?>
<!DOCTYPE log SYSTEM "logger.dtd">
<log>
<record>
  <date>2021-04-30T23:03:52.831-0300</date>
  <logger>JOSE ARTHUR NEVES DE BRITO</logger>
  <level>FINE</level>
  <message>File 119210204-JOSE ARTHUR NEVES DE BRITO.zip was received. It was sent by JOSE ARTHUR NEVES DE BRITO from IP 192.168.1.8 at 30-04-2021 23*03*52</message>
</record>
</log>
<?xml version="1.0" encoding="UTF-8" standalone="no"?>
<!DOCTYPE log SYSTEM "logger.dtd">
<log>
<record>
  <date>2021-05-01T08:30:53.513-0300</date>
  <logger>JOSE ARTHUR NEVES DE BRITO</logger>
  <level>FINE</level>
  <message>File 119210204-JOSE ARTHUR NEVES DE BRITO.zip was received. It was sent by JOSE ARTHUR NEVES DE BRITO from IP 192.168.1.8 at 01-05-2021 08*30*53</message>
</record>
</log>
<?xml version="1.0" encoding="UTF-8" standalone="no"?>
<!DOCTYPE log SYSTEM "logger.dtd">
<log>
<record>
  <date>2021-05-01T10:47:26.484-0300</date>
  <logger>JOSE ARTHUR NEVES DE BRITO</logger>
  <level>FINE</level>
  <message>File 119210204-JOSE ARTHUR NEVES DE BRITO.zip was received. It was sent by JOSE ARTHUR NEVES DE BRITO from IP 192.168.1.8 at 01-05-2021 10*47*26</message>
</record>
</log>
<?xml version="1.0" encoding="UTF-8" standalone="no"?>
<!DOCTYPE log SYSTEM "logger.dtd">
<log>
<record>
  <date>2021-05-02T10:12:57.155-0300</date>
  <logger>JOSE ARTHUR NEVES DE BRITO</logger>
  <level>FINE</level>
  <message>File 119210204-JOSE ARTHUR NEVES DE BRITO.zip was received. It was sent by JOSE ARTHUR NEVES DE BRITO from IP 192.168.1.8 at 02-05-2021 10*12*57</message>
</record>
</log>
<?xml version="1.0" encoding="UTF-8" standalone="no"?>
<!DOCTYPE log SYSTEM "logger.dtd">
<log>
<record>
  <date>2021-05-02T10:16:40.693-0300</date>
  <logger>JOSE ARTHUR NEVES DE BRITO</logger>
  <level>FINE</level>
  <message>File 119210204-JOSE ARTHUR NEVES DE BRITO.zip was received. It was sent by JOSE ARTHUR NEVES DE BRITO from IP 192.168.1.8 at 02-05-2021 10*16*40</message>
</record>
</log>
<?xml version="1.0" encoding="UTF-8" standalone="no"?>
<!DOCTYPE log SYSTEM "logger.dtd">
<log>
<record>
  <date>2021-05-02T22:02:07.249-0300</date>
  <logger>JOSE ARTHUR NEVES DE BRITO</logger>
  <level>FINE</level>
  <message>File 119210204-JOSE ARTHUR NEVES DE BRITO.zip was received. It was sent by JOSE ARTHUR NEVES DE BRITO from IP 192.168.1.8 at 02-05-2021 22*02*07</message>
</record>
