<?xml version="1.0" encoding="UTF-8" standalone="no"?>
<!DOCTYPE log SYSTEM "logger.dtd">
<log>
<record>
  <date>2021-04-22T09:32:17.289-0300</date>
  <logger>JOSE ARTHUR NEVES DE BRITO</logger>
  <level>FINE</level>
  <message>File 119210204-JOSE ARTHUR NEVES DE BRITO.zip was received. It was sent by JOSE ARTHUR NEVES DE BRITO from IP 192.168.1.8 at 22-04-2021 09*32*17</message>
</record>
</log>
<?xml version="1.0" encoding="UTF-8" standalone="no"?>
<!DOCTYPE log SYSTEM "logger.dtd">
<log>
<record>
  <date>2021-04-22T09:49:14.225-0300</date>
  <logger>JOSE ARTHUR NEVES DE BRITO</logger>
  <level>FINE</level>
  <message>File 119210204-JOSE ARTHUR NEVES DE BRITO.zip was received. It was sent by JOSE ARTHUR NEVES DE BRITO from IP 192.168.1.8 at 22-04-2021 09*49*14</message>
</record>
</log>
<?xml version="1.0" encoding="UTF-8" standalone="no"?>
<!DOCTYPE log SYSTEM "logger.dtd">
<log>
<record>
  <date>2021-04-22T10:41:57.383-0300</date>
  <logger>JOSE ARTHUR NEVES DE BRITO</logger>
  <level>FINE</level>
  <message>File 119210204-JOSE ARTHUR NEVES DE BRITO.zip was received. It was sent by JOSE ARTHUR NEVES DE BRITO from IP 192.168.1.8 at 22-04-2021 10*41*57</message>
</record>
</log>
<?xml version="1.0" encoding="UTF-8" standalone="no"?>
<!DOCTYPE log SYSTEM "logger.dtd">
<log>
<record>
  <date>2021-04-23T21:52:37.722-0300</date>
  <logger>JOSE ARTHUR NEVES DE BRITO</logger>
  <level>FINE</level>
  <message>File 119210204-JOSE ARTHUR NEVES DE BRITO.zip was received. It was sent by JOSE ARTHUR NEVES DE BRITO from IP 192.168.1.8 at 23-04-2021 21*52*37</message>
</record>
</log>
<?xml version="1.0" encoding="UTF-8" standalone="no"?>
<!DOCTYPE log SYSTEM "logger.dtd">
<log>
<record>
  <date>2021-04-23T23:13:18.295-0300</date>
  <logger>JOSE ARTHUR NEVES DE BRITO</logger>
  <level>FINE</level>
  <message>File 119210204-JOSE ARTHUR NEVES DE BRITO.zip was received. It was sent by JOSE ARTHUR NEVES DE BRITO from IP 192.168.1.8 at 23-04-2021 23*13*18</message>
</record>
</log>
<?xml version="1.0" encoding="UTF-8" standalone="no"?>
<!DOCTYPE log SYSTEM "logger.dtd">
<log>
<record>
  <date>2021-04-25T09:01:14.956-0300</date>
  <logger>JOSE ARTHUR NEVES DE BRITO</logger>
  <level>FINE</level>
  <message>File 119210204-JOSE ARTHUR NEVES DE BRITO.zip was received. It was sent by JOSE ARTHUR NEVES DE BRITO from IP 192.168.1.8 at 25-04-2021 09*01*14</message>
</record>
</log>
<?xml version="1.0" encoding="UTF-8" standalone="no"?>
<!DOCTYPE log SYSTEM "logger.dtd">
<log>
<record>
  <date>2021-04-25T09:09:09.306-0300</date>
  <logger>JOSE ARTHUR NEVES DE BRITO</logger>
  <level>FINE</level>
  <message>File 119210204-JOSE ARTHUR NEVES DE BRITO.zip was received. It was sent by JOSE ARTHUR NEVES DE BRITO from IP 192.168.1.8 at 25-04-2021 09*09*09</message>
</record>
</log>
<?xml version="1.0" encoding="UTF-8" standalone="no"?>
<!DOCTYPE log SYSTEM "logger.dtd">
<log>
<record>
  <date>2021-04-25T09:16:52.594-0300</date>
  <logger>JOSE ARTHUR NEVES DE BRITO</logger>
  <level>FINE</level>
  <message>File 119210204-JOSE ARTHUR NEVES DE BRITO.zip was received. It was sent by JOSE ARTHUR NEVES DE BRITO from IP 192.168.1.8 at 25-04-2021 09*16*52</message>
</record>
</log>
<?xml version="1.0" encoding="UTF-8" standalone="no"?>
<!DOCTYPE log SYSTEM "logger.dtd">
<log>
<record>
  <date>2021-04-25T20:17:07.770-0300</date>
  <logger>JOSE ARTHUR NEVES DE BRITO</logger>
  <level>FINE</level>
  <message>File 119210204-JOSE ARTHUR NEVES DE BRITO.zip was received. It was sent by JOSE ARTHUR NEVES DE BRITO from IP 192.168.1.8 at 25-04-2021 20*17*07</message>
</record>
