<?xml version="1.0" encoding="UTF-8" standalone="no"?>
<!DOCTYPE log SYSTEM "logger.dtd">
<log>
<record>
  <date>2021-04-11T16:58:33.266-0300</date>
  <logger>JOSE ARTHUR NEVES DE BRITO</logger>
  <level>FINE</level>
  <message>File 119210204-JOSE ARTHUR NEVES DE BRITO.zip was received. It was sent by JOSE ARTHUR NEVES DE BRITO from IP 192.168.1.4 at 11-04-2021 16*58*33</message>
</record>
</log>
<?xml version="1.0" encoding="UTF-8" standalone="no"?>
<!DOCTYPE log SYSTEM "logger.dtd">
<log>
<record>
  <date>2021-04-12T08:53:24.038-0300</date>
  <logger>JOSE ARTHUR NEVES DE BRITO</logger>
  <level>FINE</level>
  <message>File 119210204-JOSE ARTHUR NEVES DE BRITO.zip was received. It was sent by JOSE ARTHUR NEVES DE BRITO from IP 192.168.1.4 at 12-04-2021 08*53*24</message>
</record>
</log>
<?xml version="1.0" encoding="UTF-8" standalone="no"?>
<!DOCTYPE log SYSTEM "logger.dtd">
<log>
<record>
  <date>2021-04-12T09:40:49.033-0300</date>
  <logger>JOSE ARTHUR NEVES DE BRITO</logger>
  <level>FINE</level>
  <message>File 119210204-JOSE ARTHUR NEVES DE BRITO.zip was received. It was sent by JOSE ARTHUR NEVES DE BRITO from IP 192.168.1.4 at 12-04-2021 09*40*49</message>
</record>
