<?xml version="1.0" encoding="UTF-8" standalone="no"?>
<!DOCTYPE log SYSTEM "logger.dtd">
<log>
<record>
  <date>2021-04-07T02:29:03.369-0300</date>
  <logger>JOSE ARTHUR NEVES DE BRITO</logger>
  <level>FINE</level>
  <message>File 119210204-JOSE ARTHUR NEVES DE BRITO.zip was received. It was sent by JOSE ARTHUR NEVES DE BRITO from IP 192.168.1.3 at 07-04-2021 02*29*03</message>
</record>
</log>
<?xml version="1.0" encoding="UTF-8" standalone="no"?>
<!DOCTYPE log SYSTEM "logger.dtd">
<log>
<record>
  <date>2021-04-07T03:06:15.046-0300</date>
  <logger>JOSE ARTHUR NEVES DE BRITO</logger>
  <level>FINE</level>
  <message>File 119210204-JOSE ARTHUR NEVES DE BRITO.zip was received. It was sent by JOSE ARTHUR NEVES DE BRITO from IP 192.168.1.3 at 07-04-2021 03*06*15</message>
</record>
</log>
<?xml version="1.0" encoding="UTF-8" standalone="no"?>
<!DOCTYPE log SYSTEM "logger.dtd">
<log>
<record>
  <date>2021-04-07T09:01:47.510-0300</date>
  <logger>JOSE ARTHUR NEVES DE BRITO</logger>
  <level>FINE</level>
  <message>File 119210204-JOSE ARTHUR NEVES DE BRITO.zip was received. It was sent by JOSE ARTHUR NEVES DE BRITO from IP 192.168.1.5 at 07-04-2021 09*01*46</message>
</record>
